gauntlet config: games=10 rounds=1 smoke=1
==> self-play short tc
Warning: No opening book specified! Consider using one, otherwise all games will be played from the starting position.
Warning: Unknown opening format, 2. All games will be played from the starting position.
Started game 1 of 2 (labzero vs labzero2)
Finished game 1 (labzero vs labzero2): 1/2-1/2 {Draw by 3-fold repetition}
Started game 2 of 2 (labzero2 vs labzero)
Finished game 2 (labzero2 vs labzero): 1/2-1/2 {Draw by 3-fold repetition}
--------------------------------------------------
Results of labzero vs labzero2 (10+0.1, NULL, NULL):
Elo: -0.00 +/- 0.00, nElo: nan +/- nan
LOS: nan %, DrawRatio: 100.00 %, PairsRatio: nan
Games: 2, Wins: 0, Losses: 0, Draws: 2, Points: 1.0 (50.00 %)
Ptnml(0-2): [0, 0, 1, 0, 0], WL/DD Ratio: 0.00
--------------------------------------------------
Finished match
Total Time: 00:00:52 (hours:minutes:seconds)

==> vs random bot
Error while reading option "-engine" with value "proto=uci"
Reason: Unrecognized engine option "arg" with value "/workspace/verifier/python/random_uci_bot.py".
